<?xml version="1.0" encoding="UTF-8"?>
<!-- Generated by org.testng.reporters.JUnitReportReporter -->
<testsuite skipped="0" hostname="Harshal-HP" name="com.qa.freeCRM.testcases.HomePageTest" tests="1" failures="0" timestamp="04 Sep 2019 13:33:14 GMT" time="19.199" errors="0">
  <testcase name="verifyHomePageTitleTest" time="19.199" classname="com.qa.freeCRM.testcases.HomePageTest"/>
</testsuite> <!-- com.qa.freeCRM.testcases.HomePageTest -->
