<?xml version="1.0" encoding="UTF-8"?>
<!-- Generated by org.testng.reporters.JUnitReportReporter -->
<testsuite skipped="0" hostname="Harshal-HP" name="com.qa.freeCRM.testcases.LoginPageTest" tests="1" failures="0" timestamp="04 Sep 2019 13:33:14 GMT" time="12.104" errors="0">
  <testcase name="loginPageTitleTest" time="12.104" classname="com.qa.freeCRM.testcases.LoginPageTest"/>
</testsuite> <!-- com.qa.freeCRM.testcases.LoginPageTest -->
