<?xml version="1.0" encoding="UTF-8"?>
<!-- Generated by org.testng.reporters.JUnitReportReporter -->
<testsuite skipped="0" hostname="Harshal-HP" name="com.qa.freeCRM.testcases.ContactsPageTest" tests="1" failures="0" timestamp="04 Sep 2019 13:33:14 GMT" time="33.411" errors="0">
  <testcase name="verifyContactsPageLabel" time="33.411" classname="com.qa.freeCRM.testcases.ContactsPageTest"/>
</testsuite> <!-- com.qa.freeCRM.testcases.ContactsPageTest -->
